<?xml version="1.0" encoding="UTF-8"?>
<!-- Generated by org.testng.reporters.JUnitReportReporter -->
<testsuite hostname="DESKTOP-G72D5C2" failures="0" tests="1" name="tests.craterUserManagement" time="12.113" errors="0" timestamp="2022-12-29T12:50:16 EST" skipped="0">
  <testcase classname="tests.craterUserManagement" name="validLogin" time="12.113"/>
  <system-out/>
</testsuite> <!-- tests.craterUserManagement -->
