<?xml version="1.0" encoding="UTF-8"?>
<!-- Generated by org.testng.reporters.JUnitReportReporter -->
<testsuite hostname="DESKTOP-G72D5C2" failures="0" tests="1" name="tests.CrateItemsTests" time="14.376" errors="0" timestamp="2022-12-28T13:08:08 EST" skipped="0">
  <testcase classname="tests.CrateItemsTests" name="craeteItem" time="14.376"/>
  <system-out/>
</testsuite> <!-- tests.CrateItemsTests -->
