<?xml version="1.0" encoding="UTF-8"?>
<!-- Generated by org.testng.reporters.JUnitReportReporter -->
<testsuite hostname="DESKTOP-G72D5C2" failures="0" tests="9" name="petStoteApi.petStoreApiTest" time="4.768" errors="0" timestamp="2022-12-29T19:45:40 EST" skipped="0">
  <testcase classname="petStoteApi.petStoreApiTest" name="addPet" time="2.360"/>
  <system-out/>
  <testcase classname="petStoteApi.petStoreApiTest" name="updateCat" time="0.138"/>
  <system-out/>
  <testcase classname="petStoteApi.petStoreApiTest" name="postACat" time="0.161"/>
  <system-out/>
  <testcase classname="petStoteApi.petStoreApiTest" name="postAfish" time="0.176"/>
  <system-out/>
  <testcase classname="petStoteApi.petStoreApiTest" name="getPetbyId" time="0.100"/>
  <system-out/>
  <testcase classname="petStoteApi.petStoreApiTest" name="postCatJson" time="0.154"/>
  <system-out/>
  <testcase classname="petStoteApi.petStoreApiTest" name="getAssertById" time="0.329"/>
  <system-out/>
  <testcase classname="petStoteApi.petStoreApiTest" name="invalidI" time="1.214"/>
  <system-out/>
  <testcase classname="petStoteApi.petStoreApiTest" name="getPetByStatus" time="0.136"/>
  <system-out/>
</testsuite> <!-- petStoteApi.petStoreApiTest -->
