<?xml version="1.0" encoding="UTF-8"?>
<!-- Generated by org.testng.reporters.JUnitReportReporter -->
<testsuite hostname="DESKTOP-G72D5C2" failures="0" tests="1" name="tests.CrateItemsTests" time="15.897" errors="0" timestamp="2022-12-28T21:26:09 EST" skipped="0">
  <testcase classname="tests.CrateItemsTests" name="craeteItem" time="15.897"/>
  <system-out/>
</testsuite> <!-- tests.CrateItemsTests -->
